c:\users\antonio\onedrive\radna površina\nuclear launch codes\spaceinvader\x64\debug\vc143.pdb
c:\users\antonio\onedrive\radna površina\nuclear launch codes\spaceinvader\x64\debug\vc143.idb
c:\users\antonio\onedrive\radna površina\nuclear launch codes\spaceinvader\x64\debug\spaceship.obj
c:\users\antonio\onedrive\radna površina\nuclear launch codes\spaceinvader\x64\debug\obstacle.obj
c:\users\antonio\onedrive\radna površina\nuclear launch codes\spaceinvader\x64\debug\mysteryship.obj
c:\users\antonio\onedrive\radna površina\nuclear launch codes\spaceinvader\x64\debug\laser.obj
c:\users\antonio\onedrive\radna površina\nuclear launch codes\spaceinvader\x64\debug\game.obj
c:\users\antonio\onedrive\radna površina\nuclear launch codes\spaceinvader\x64\debug\barriers.obj
c:\users\antonio\onedrive\radna površina\nuclear launch codes\spaceinvader\x64\debug\alien.obj
c:\users\antonio\onedrive\radna površina\nuclear launch codes\spaceinvader\x64\debug\main.obj
c:\users\antonio\onedrive\radna površina\nuclear launch codes\spaceinvader\x64\debug\spaceinvader.exe
c:\users\antonio\onedrive\radna površina\nuclear launch codes\spaceinvader\x64\debug\spaceinvader.ilk
c:\users\antonio\onedrive\radna površina\nuclear launch codes\spaceinvader\x64\debug\spaceinvader.pdb
c:\users\antonio\onedrive\radna površina\nuclear launch codes\spaceinvader\x64\debug\raylib.dll
c:\users\antonio\onedrive\radna površina\nuclear launch codes\spaceinvader\x64\debug\glfw3.dll
c:\users\antonio\onedrive\radna površina\nuclear launch codes\spaceinvader\x64\debug\spaceinvader.tlog\cl.command.1.tlog
c:\users\antonio\onedrive\radna površina\nuclear launch codes\spaceinvader\x64\debug\spaceinvader.tlog\cl.read.1.tlog
c:\users\antonio\onedrive\radna površina\nuclear launch codes\spaceinvader\x64\debug\spaceinvader.tlog\cl.write.1.tlog
c:\users\antonio\onedrive\radna površina\nuclear launch codes\spaceinvader\x64\debug\spaceinvader.tlog\link.command.1.tlog
c:\users\antonio\onedrive\radna površina\nuclear launch codes\spaceinvader\x64\debug\spaceinvader.tlog\link.read.1.tlog
c:\users\antonio\onedrive\radna površina\nuclear launch codes\spaceinvader\x64\debug\spaceinvader.tlog\link.write.1.tlog
c:\users\antonio\onedrive\radna površina\nuclear launch codes\spaceinvader\x64\debug\spaceinvader.tlog\spaceinvader.write.1u.tlog
